  main.c
C:\Users\kalki\workingspace\functions\factorization.h(11,19): warning C4018: '<=': signed/unsigned mismatch
  (compiling source file 'main.c')
  
C:\Users\kalki\workingspace\functions\unlimited_random_prime_num.h(99,10): warning C4477: 'printf' : format string '%d' requires an argument of type 'int', but variadic argument 1 has type 'size_t'
  (compiling source file 'main.c')
      C:\Users\kalki\workingspace\functions\unlimited_random_prime_num.h(99,10):
      consider using '%zd' in the format string
  
C:\Users\kalki\workingspace\functions\unlimited_random_prime_num.h(99,10): warning C4477: 'printf' : format string '%d' requires an argument of type 'int', but variadic argument 3 has type 'size_t'
  (compiling source file 'main.c')
      C:\Users\kalki\workingspace\functions\unlimited_random_prime_num.h(99,10):
      consider using '%zd' in the format string
  
C:\Users\kalki\workingspace\functions\unlimited_random_prime_num.h(99,10): warning C4477: 'printf' : format string '%d' requires an argument of type 'int', but variadic argument 5 has type 'size_t'
  (compiling source file 'main.c')
      C:\Users\kalki\workingspace\functions\unlimited_random_prime_num.h(99,10):
      consider using '%zd' in the format string
  
C:\Users\kalki\workingspace\functions\unlimited_random_prime_num.h(99,10): warning C4477: 'printf' : format string '%d' requires an argument of type 'int', but variadic argument 7 has type 'size_t'
  (compiling source file 'main.c')
      C:\Users\kalki\workingspace\functions\unlimited_random_prime_num.h(99,10):
      consider using '%zd' in the format string
  
C:\Users\kalki\workingspace\functions\unlimited_random_prime_num.h(99,10): warning C4477: 'printf' : format string '%d' requires an argument of type 'int', but variadic argument 9 has type 'size_t'
  (compiling source file 'main.c')
      C:\Users\kalki\workingspace\functions\unlimited_random_prime_num.h(99,10):
      consider using '%zd' in the format string
  
  blackpaper.vcxproj -> C:\Users\kalki\workingspace\functions\x64\Debug\blackpaper.exe
